2026-02-19 09:50:04,745 [Worker-4: Loading available Gradle versions] INFO  o.e.b.c.i.u.g.PublishedGradleVersions - Gradle version information cache is not available. Remote download required.
2026-02-27 17:33:40,592 [Worker-0: Loading available Gradle versions] INFO  o.e.b.c.i.u.g.PublishedGradleVersions - Gradle version information cache is out-of-date. Trying to update.
2026-02-27 17:35:39,202 [ModalContext] INFO  o.e.m.c.i.e.AbstractTransferListenerAdapter - Downloading https://repo.maven.apache.org/maven2/org/apache/maven/archetypes/maven-archetype-quickstart/1.1/maven-archetype-quickstart-1.1.pom
2026-02-27 17:35:39,220 [ModalContext] INFO  o.e.m.c.i.e.AbstractTransferListenerAdapter - Downloaded https://repo.maven.apache.org/maven2/org/apache/maven/archetypes/maven-archetype-quickstart/1.1/maven-archetype-quickstart-1.1.pom
2026-02-27 17:35:39,279 [ModalContext] INFO  o.e.m.c.i.e.AbstractTransferListenerAdapter - Downloading https://repo.maven.apache.org/maven2/org/apache/maven/archetypes/maven-archetype-bundles/4/maven-archetype-bundles-4.pom
2026-02-27 17:35:39,285 [ModalContext] INFO  o.e.m.c.i.e.AbstractTransferListenerAdapter - Downloaded https://repo.maven.apache.org/maven2/org/apache/maven/archetypes/maven-archetype-bundles/4/maven-archetype-bundles-4.pom
2026-02-27 17:35:39,330 [ModalContext] INFO  o.e.m.c.i.e.AbstractTransferListenerAdapter - Downloading https://repo.maven.apache.org/maven2/org/apache/maven/archetype/maven-archetype/2.0-alpha-5/maven-archetype-2.0-alpha-5.pom
2026-02-27 17:35:39,336 [ModalContext] INFO  o.e.m.c.i.e.AbstractTransferListenerAdapter - Downloaded https://repo.maven.apache.org/maven2/org/apache/maven/archetype/maven-archetype/2.0-alpha-5/maven-archetype-2.0-alpha-5.pom
2026-02-27 17:35:39,406 [ModalContext] INFO  o.e.m.c.i.e.AbstractTransferListenerAdapter - Downloading https://repo.maven.apache.org/maven2/org/apache/maven/archetypes/maven-archetype-quickstart/1.1/maven-archetype-quickstart-1.1.jar
2026-02-27 17:35:39,415 [ModalContext] INFO  o.e.m.c.i.e.AbstractTransferListenerAdapter - Downloaded https://repo.maven.apache.org/maven2/org/apache/maven/archetypes/maven-archetype-quickstart/1.1/maven-archetype-quickstart-1.1.jar
2026-02-27 17:35:45,722 [Worker-13: Launching mavenrun-7b6530ef-d078-4ddf-8c70-28109eae10e2] INFO  o.eclipse.m2e.core.internal.Bundles - getClasspathEntries(Bundle=org.eclipse.m2e.maven.runtime_3.9.1101.20251020-1549 [308])
2026-02-27 17:35:45,724 [Worker-13: Launching mavenrun-7b6530ef-d078-4ddf-8c70-28109eae10e2] INFO  o.eclipse.m2e.core.internal.Bundles - 	Entry: C:\Users\pankaj_sharma\.p2\pool\plugins\org.eclipse.m2e.maven.runtime_3.9.1101.20251020-1549
2026-02-27 17:35:45,725 [Worker-13: Launching mavenrun-7b6530ef-d078-4ddf-8c70-28109eae10e2] INFO  o.eclipse.m2e.core.internal.Bundles - 	Entry: C:\Users\pankaj_sharma\.p2\pool\plugins\org.eclipse.m2e.maven.runtime_3.9.1101.20251020-1549\jars\aopalliance-1.0.jar
2026-02-27 17:35:45,726 [Worker-13: Launching mavenrun-7b6530ef-d078-4ddf-8c70-28109eae10e2] INFO  o.eclipse.m2e.core.internal.Bundles - 	Entry: C:\Users\pankaj_sharma\.p2\pool\plugins\org.eclipse.m2e.maven.runtime_3.9.1101.20251020-1549\jars\asm-9.8.jar
2026-02-27 17:35:45,726 [Worker-13: Launching mavenrun-7b6530ef-d078-4ddf-8c70-28109eae10e2] INFO  o.eclipse.m2e.core.internal.Bundles - 	Entry: C:\Users\pankaj_sharma\.p2\pool\plugins\org.eclipse.m2e.maven.runtime_3.9.1101.20251020-1549\jars\error_prone_annotations-2.38.0.jar
2026-02-27 17:35:45,727 [Worker-13: Launching mavenrun-7b6530ef-d078-4ddf-8c70-28109eae10e2] INFO  o.eclipse.m2e.core.internal.Bundles - 	Entry: C:\Users\pankaj_sharma\.p2\pool\plugins\org.eclipse.m2e.maven.runtime_3.9.1101.20251020-1549\jars\gson-2.13.1.jar
2026-02-27 17:35:45,728 [Worker-13: Launching mavenrun-7b6530ef-d078-4ddf-8c70-28109eae10e2] INFO  o.eclipse.m2e.core.internal.Bundles - 	Entry: C:\Users\pankaj_sharma\.p2\pool\plugins\org.eclipse.m2e.maven.runtime_3.9.1101.20251020-1549\jars\guice-5.1.0-classes.jar
2026-02-27 17:35:45,728 [Worker-13: Launching mavenrun-7b6530ef-d078-4ddf-8c70-28109eae10e2] INFO  o.eclipse.m2e.core.internal.Bundles - 	Entry: C:\Users\pankaj_sharma\.p2\pool\plugins\org.eclipse.m2e.maven.runtime_3.9.1101.20251020-1549\jars\httpclient-4.5.14.jar
2026-02-27 17:35:45,729 [Worker-13: Launching mavenrun-7b6530ef-d078-4ddf-8c70-28109eae10e2] INFO  o.eclipse.m2e.core.internal.Bundles - 	Entry: C:\Users\pankaj_sharma\.p2\pool\plugins\org.eclipse.m2e.maven.runtime_3.9.1101.20251020-1549\jars\httpcore-4.4.16.jar
2026-02-27 17:35:45,729 [Worker-13: Launching mavenrun-7b6530ef-d078-4ddf-8c70-28109eae10e2] INFO  o.eclipse.m2e.core.internal.Bundles - 	Entry: C:\Users\pankaj_sharma\.p2\pool\plugins\org.eclipse.m2e.maven.runtime_3.9.1101.20251020-1549\jars\jansi-2.4.2.jar
2026-02-27 17:35:45,730 [Worker-13: Launching mavenrun-7b6530ef-d078-4ddf-8c70-28109eae10e2] INFO  o.eclipse.m2e.core.internal.Bundles - 	Entry: C:\Users\pankaj_sharma\.p2\pool\plugins\org.eclipse.m2e.maven.runtime_3.9.1101.20251020-1549\jars\jcl-over-slf4j-1.7.36.jar
2026-02-27 17:35:45,731 [Worker-13: Launching mavenrun-7b6530ef-d078-4ddf-8c70-28109eae10e2] INFO  o.eclipse.m2e.core.internal.Bundles - 	Entry: C:\Users\pankaj_sharma\.p2\pool\plugins\org.eclipse.m2e.maven.runtime_3.9.1101.20251020-1549\jars\maven-artifact-3.9.11.jar
2026-02-27 17:35:45,731 [Worker-13: Launching mavenrun-7b6530ef-d078-4ddf-8c70-28109eae10e2] INFO  o.eclipse.m2e.core.internal.Bundles - 	Entry: C:\Users\pankaj_sharma\.p2\pool\plugins\org.eclipse.m2e.maven.runtime_3.9.1101.20251020-1549\jars\maven-builder-support-3.9.11.jar
2026-02-27 17:35:45,732 [Worker-13: Launching mavenrun-7b6530ef-d078-4ddf-8c70-28109eae10e2] INFO  o.eclipse.m2e.core.internal.Bundles - 	Entry: C:\Users\pankaj_sharma\.p2\pool\plugins\org.eclipse.m2e.maven.runtime_3.9.1101.20251020-1549\jars\maven-compat-3.9.11.jar
2026-02-27 17:35:45,732 [Worker-13: Launching mavenrun-7b6530ef-d078-4ddf-8c70-28109eae10e2] INFO  o.eclipse.m2e.core.internal.Bundles - 	Entry: C:\Users\pankaj_sharma\.p2\pool\plugins\org.eclipse.m2e.maven.runtime_3.9.1101.20251020-1549\jars\maven-core-3.9.11.jar
2026-02-27 17:35:45,733 [Worker-13: Launching mavenrun-7b6530ef-d078-4ddf-8c70-28109eae10e2] INFO  o.eclipse.m2e.core.internal.Bundles - 	Entry: C:\Users\pankaj_sharma\.p2\pool\plugins\org.eclipse.m2e.maven.runtime_3.9.1101.20251020-1549\jars\maven-embedder-3.9.11.jar
2026-02-27 17:35:45,744 [Worker-13: Launching mavenrun-7b6530ef-d078-4ddf-8c70-28109eae10e2] INFO  o.eclipse.m2e.core.internal.Bundles - 	Entry: C:\Users\pankaj_sharma\.p2\pool\plugins\org.eclipse.m2e.maven.runtime_3.9.1101.20251020-1549\jars\maven-model-3.9.11.jar
2026-02-27 17:35:45,745 [Worker-13: Launching mavenrun-7b6530ef-d078-4ddf-8c70-28109eae10e2] INFO  o.eclipse.m2e.core.internal.Bundles - 	Entry: C:\Users\pankaj_sharma\.p2\pool\plugins\org.eclipse.m2e.maven.runtime_3.9.1101.20251020-1549\jars\maven-model-builder-3.9.11.jar
2026-02-27 17:35:45,745 [Worker-13: Launching mavenrun-7b6530ef-d078-4ddf-8c70-28109eae10e2] INFO  o.eclipse.m2e.core.internal.Bundles - 	Entry: C:\Users\pankaj_sharma\.p2\pool\plugins\org.eclipse.m2e.maven.runtime_3.9.1101.20251020-1549\jars\maven-plugin-api-3.9.11.jar
2026-02-27 17:35:45,746 [Worker-13: Launching mavenrun-7b6530ef-d078-4ddf-8c70-28109eae10e2] INFO  o.eclipse.m2e.core.internal.Bundles - 	Entry: C:\Users\pankaj_sharma\.p2\pool\plugins\org.eclipse.m2e.maven.runtime_3.9.1101.20251020-1549\jars\maven-repository-metadata-3.9.11.jar
2026-02-27 17:35:45,746 [Worker-13: Launching mavenrun-7b6530ef-d078-4ddf-8c70-28109eae10e2] INFO  o.eclipse.m2e.core.internal.Bundles - 	Entry: C:\Users\pankaj_sharma\.p2\pool\plugins\org.eclipse.m2e.maven.runtime_3.9.1101.20251020-1549\jars\maven-resolver-api-1.9.24.jar
2026-02-27 17:35:45,747 [Worker-13: Launching mavenrun-7b6530ef-d078-4ddf-8c70-28109eae10e2] INFO  o.eclipse.m2e.core.internal.Bundles - 	Entry: C:\Users\pankaj_sharma\.p2\pool\plugins\org.eclipse.m2e.maven.runtime_3.9.1101.20251020-1549\jars\maven-resolver-connector-basic-1.9.24.jar
2026-02-27 17:35:45,748 [Worker-13: Launching mavenrun-7b6530ef-d078-4ddf-8c70-28109eae10e2] INFO  o.eclipse.m2e.core.internal.Bundles - 	Entry: C:\Users\pankaj_sharma\.p2\pool\plugins\org.eclipse.m2e.maven.runtime_3.9.1101.20251020-1549\jars\maven-resolver-impl-1.9.24.jar
2026-02-27 17:35:45,748 [Worker-13: Launching mavenrun-7b6530ef-d078-4ddf-8c70-28109eae10e2] INFO  o.eclipse.m2e.core.internal.Bundles - 	Entry: C:\Users\pankaj_sharma\.p2\pool\plugins\org.eclipse.m2e.maven.runtime_3.9.1101.20251020-1549\jars\maven-resolver-named-locks-1.9.24.jar
2026-02-27 17:35:45,749 [Worker-13: Launching mavenrun-7b6530ef-d078-4ddf-8c70-28109eae10e2] INFO  o.eclipse.m2e.core.internal.Bundles - 	Entry: C:\Users\pankaj_sharma\.p2\pool\plugins\org.eclipse.m2e.maven.runtime_3.9.1101.20251020-1549\jars\maven-resolver-provider-3.9.11.jar
2026-02-27 17:35:45,750 [Worker-13: Launching mavenrun-7b6530ef-d078-4ddf-8c70-28109eae10e2] INFO  o.eclipse.m2e.core.internal.Bundles - 	Entry: C:\Users\pankaj_sharma\.p2\pool\plugins\org.eclipse.m2e.maven.runtime_3.9.1101.20251020-1549\jars\maven-resolver-spi-1.9.24.jar
2026-02-27 17:35:45,750 [Worker-13: Launching mavenrun-7b6530ef-d078-4ddf-8c70-28109eae10e2] INFO  o.eclipse.m2e.core.internal.Bundles - 	Entry: C:\Users\pankaj_sharma\.p2\pool\plugins\org.eclipse.m2e.maven.runtime_3.9.1101.20251020-1549\jars\maven-resolver-transport-file-1.9.24.jar
2026-02-27 17:35:45,751 [Worker-13: Launching mavenrun-7b6530ef-d078-4ddf-8c70-28109eae10e2] INFO  o.eclipse.m2e.core.internal.Bundles - 	Entry: C:\Users\pankaj_sharma\.p2\pool\plugins\org.eclipse.m2e.maven.runtime_3.9.1101.20251020-1549\jars\maven-resolver-transport-http-1.9.24.jar
2026-02-27 17:35:45,752 [Worker-13: Launching mavenrun-7b6530ef-d078-4ddf-8c70-28109eae10e2] INFO  o.eclipse.m2e.core.internal.Bundles - 	Entry: C:\Users\pankaj_sharma\.p2\pool\plugins\org.eclipse.m2e.maven.runtime_3.9.1101.20251020-1549\jars\maven-resolver-transport-wagon-1.9.24.jar
2026-02-27 17:35:45,753 [Worker-13: Launching mavenrun-7b6530ef-d078-4ddf-8c70-28109eae10e2] INFO  o.eclipse.m2e.core.internal.Bundles - 	Entry: C:\Users\pankaj_sharma\.p2\pool\plugins\org.eclipse.m2e.maven.runtime_3.9.1101.20251020-1549\jars\maven-resolver-util-1.9.24.jar
2026-02-27 17:35:45,754 [Worker-13: Launching mavenrun-7b6530ef-d078-4ddf-8c70-28109eae10e2] INFO  o.eclipse.m2e.core.internal.Bundles - 	Entry: C:\Users\pankaj_sharma\.p2\pool\plugins\org.eclipse.m2e.maven.runtime_3.9.1101.20251020-1549\jars\maven-settings-3.9.11.jar
2026-02-27 17:35:45,754 [Worker-13: Launching mavenrun-7b6530ef-d078-4ddf-8c70-28109eae10e2] INFO  o.eclipse.m2e.core.internal.Bundles - 	Entry: C:\Users\pankaj_sharma\.p2\pool\plugins\org.eclipse.m2e.maven.runtime_3.9.1101.20251020-1549\jars\maven-settings-builder-3.9.11.jar
2026-02-27 17:35:45,755 [Worker-13: Launching mavenrun-7b6530ef-d078-4ddf-8c70-28109eae10e2] INFO  o.eclipse.m2e.core.internal.Bundles - 	Entry: C:\Users\pankaj_sharma\.p2\pool\plugins\org.eclipse.m2e.maven.runtime_3.9.1101.20251020-1549\jars\maven-shared-utils-3.4.2.jar
2026-02-27 17:35:45,759 [Worker-13: Launching mavenrun-7b6530ef-d078-4ddf-8c70-28109eae10e2] INFO  o.eclipse.m2e.core.internal.Bundles - 	Entry: C:\Users\pankaj_sharma\.p2\pool\plugins\org.eclipse.m2e.maven.runtime_3.9.1101.20251020-1549\jars\org.eclipse.sisu.inject-0.9.0.M4.jar
2026-02-27 17:35:45,774 [Worker-13: Launching mavenrun-7b6530ef-d078-4ddf-8c70-28109eae10e2] INFO  o.eclipse.m2e.core.internal.Bundles - 	Entry: C:\Users\pankaj_sharma\.p2\pool\plugins\org.eclipse.m2e.maven.runtime_3.9.1101.20251020-1549\jars\org.eclipse.sisu.plexus-0.9.0.M4.jar
2026-02-27 17:35:45,775 [Worker-13: Launching mavenrun-7b6530ef-d078-4ddf-8c70-28109eae10e2] INFO  o.eclipse.m2e.core.internal.Bundles - 	Entry: C:\Users\pankaj_sharma\.p2\pool\plugins\org.eclipse.m2e.maven.runtime_3.9.1101.20251020-1549\jars\plexus-build-api-0.0.7.jar
2026-02-27 17:35:45,775 [Worker-13: Launching mavenrun-7b6530ef-d078-4ddf-8c70-28109eae10e2] INFO  o.eclipse.m2e.core.internal.Bundles - 	Entry: C:\Users\pankaj_sharma\.p2\pool\plugins\org.eclipse.m2e.maven.runtime_3.9.1101.20251020-1549\jars\plexus-build-api-1.2.0.jar
2026-02-27 17:35:45,776 [Worker-13: Launching mavenrun-7b6530ef-d078-4ddf-8c70-28109eae10e2] INFO  o.eclipse.m2e.core.internal.Bundles - 	Entry: C:\Users\pankaj_sharma\.p2\pool\plugins\org.eclipse.m2e.maven.runtime_3.9.1101.20251020-1549\jars\plexus-cipher-2.0.jar
2026-02-27 17:35:45,777 [Worker-13: Launching mavenrun-7b6530ef-d078-4ddf-8c70-28109eae10e2] INFO  o.eclipse.m2e.core.internal.Bundles - 	Entry: C:\Users\pankaj_sharma\.p2\pool\plugins\org.eclipse.m2e.maven.runtime_3.9.1101.20251020-1549\jars\plexus-classworlds-2.9.0.jar
2026-02-27 17:35:45,777 [Worker-13: Launching mavenrun-7b6530ef-d078-4ddf-8c70-28109eae10e2] INFO  o.eclipse.m2e.core.internal.Bundles - 	Entry: C:\Users\pankaj_sharma\.p2\pool\plugins\org.eclipse.m2e.maven.runtime_3.9.1101.20251020-1549\jars\plexus-component-annotations-2.2.0.jar
2026-02-27 17:35:45,778 [Worker-13: Launching mavenrun-7b6530ef-d078-4ddf-8c70-28109eae10e2] INFO  o.eclipse.m2e.core.internal.Bundles - 	Entry: C:\Users\pankaj_sharma\.p2\pool\plugins\org.eclipse.m2e.maven.runtime_3.9.1101.20251020-1549\jars\plexus-interpolation-1.28.jar
2026-02-27 17:35:45,779 [Worker-13: Launching mavenrun-7b6530ef-d078-4ddf-8c70-28109eae10e2] INFO  o.eclipse.m2e.core.internal.Bundles - 	Entry: C:\Users\pankaj_sharma\.p2\pool\plugins\org.eclipse.m2e.maven.runtime_3.9.1101.20251020-1549\jars\plexus-sec-dispatcher-2.0.jar
2026-02-27 17:35:45,789 [Worker-13: Launching mavenrun-7b6530ef-d078-4ddf-8c70-28109eae10e2] INFO  o.eclipse.m2e.core.internal.Bundles - 	Entry: C:\Users\pankaj_sharma\.p2\pool\plugins\org.eclipse.m2e.maven.runtime_3.9.1101.20251020-1549\jars\plexus-utils-3.6.0.jar
2026-02-27 17:35:45,789 [Worker-13: Launching mavenrun-7b6530ef-d078-4ddf-8c70-28109eae10e2] INFO  o.eclipse.m2e.core.internal.Bundles - 	Entry: C:\Users\pankaj_sharma\.p2\pool\plugins\org.eclipse.m2e.maven.runtime_3.9.1101.20251020-1549\jars\wagon-file-3.5.3.jar
2026-02-27 17:35:45,790 [Worker-13: Launching mavenrun-7b6530ef-d078-4ddf-8c70-28109eae10e2] INFO  o.eclipse.m2e.core.internal.Bundles - 	Entry: C:\Users\pankaj_sharma\.p2\pool\plugins\org.eclipse.m2e.maven.runtime_3.9.1101.20251020-1549\jars\wagon-http-3.5.3.jar
2026-02-27 17:35:45,791 [Worker-13: Launching mavenrun-7b6530ef-d078-4ddf-8c70-28109eae10e2] INFO  o.eclipse.m2e.core.internal.Bundles - 	Entry: C:\Users\pankaj_sharma\.p2\pool\plugins\org.eclipse.m2e.maven.runtime_3.9.1101.20251020-1549\jars\wagon-http-shared-3.5.3.jar
2026-02-27 17:35:45,791 [Worker-13: Launching mavenrun-7b6530ef-d078-4ddf-8c70-28109eae10e2] INFO  o.eclipse.m2e.core.internal.Bundles - 	Entry: C:\Users\pankaj_sharma\.p2\pool\plugins\org.eclipse.m2e.maven.runtime_3.9.1101.20251020-1549\jars\wagon-provider-api-3.5.3.jar
2026-02-27 17:35:45,793 [Worker-13: Launching mavenrun-7b6530ef-d078-4ddf-8c70-28109eae10e2] INFO  o.eclipse.m2e.core.internal.Bundles - getClasspathEntries(Bundle=com.google.guava_33.5.0.jre [13])
2026-02-27 17:35:45,794 [Worker-13: Launching mavenrun-7b6530ef-d078-4ddf-8c70-28109eae10e2] INFO  o.eclipse.m2e.core.internal.Bundles - 	Entry: C:\Users\pankaj_sharma\.p2\pool\plugins\com.google.guava_33.5.0.jre.jar
2026-02-27 17:35:45,795 [Worker-13: Launching mavenrun-7b6530ef-d078-4ddf-8c70-28109eae10e2] INFO  o.eclipse.m2e.core.internal.Bundles - getClasspathEntries(Bundle=slf4j.api_2.0.17 [532])
2026-02-27 17:35:45,796 [Worker-13: Launching mavenrun-7b6530ef-d078-4ddf-8c70-28109eae10e2] INFO  o.eclipse.m2e.core.internal.Bundles - 	Entry: C:\Users\pankaj_sharma\.p2\pool\plugins\slf4j.api_2.0.17.jar
2026-02-27 17:35:45,796 [Worker-13: Launching mavenrun-7b6530ef-d078-4ddf-8c70-28109eae10e2] INFO  o.eclipse.m2e.core.internal.Bundles - getClasspathEntries(Bundle=jakarta.inject.jakarta.inject-api_1.0.5 [24])
2026-02-27 17:35:45,797 [Worker-13: Launching mavenrun-7b6530ef-d078-4ddf-8c70-28109eae10e2] INFO  o.eclipse.m2e.core.internal.Bundles - 	Entry: C:\Users\pankaj_sharma\.p2\pool\plugins\jakarta.inject.jakarta.inject-api_1.0.5.jar
2026-02-27 17:35:45,797 [Worker-13: Launching mavenrun-7b6530ef-d078-4ddf-8c70-28109eae10e2] INFO  o.eclipse.m2e.core.internal.Bundles - getClasspathEntries(Bundle=jakarta.annotation-api_1.3.5 [22])
2026-02-27 17:35:45,798 [Worker-13: Launching mavenrun-7b6530ef-d078-4ddf-8c70-28109eae10e2] INFO  o.eclipse.m2e.core.internal.Bundles - 	Entry: C:\Users\pankaj_sharma\.p2\pool\plugins\jakarta.annotation-api_1.3.5.jar
2026-02-27 17:35:45,799 [Worker-13: Launching mavenrun-7b6530ef-d078-4ddf-8c70-28109eae10e2] INFO  o.eclipse.m2e.core.internal.Bundles - getClasspathEntries(Bundle=org.apache.commons.cli_1.11.0 [55])
2026-02-27 17:35:45,800 [Worker-13: Launching mavenrun-7b6530ef-d078-4ddf-8c70-28109eae10e2] INFO  o.eclipse.m2e.core.internal.Bundles - 	Entry: C:\Users\pankaj_sharma\.p2\pool\plugins\org.apache.commons.cli_1.11.0.jar
2026-02-27 17:35:45,801 [Worker-13: Launching mavenrun-7b6530ef-d078-4ddf-8c70-28109eae10e2] INFO  o.eclipse.m2e.core.internal.Bundles - getClasspathEntries(Bundle=org.apache.commons.commons-codec_1.20.0 [56])
2026-02-27 17:35:45,801 [Worker-13: Launching mavenrun-7b6530ef-d078-4ddf-8c70-28109eae10e2] INFO  o.eclipse.m2e.core.internal.Bundles - 	Entry: C:\Users\pankaj_sharma\.p2\pool\plugins\org.apache.commons.commons-codec_1.20.0.jar
2026-02-27 17:35:45,802 [Worker-13: Launching mavenrun-7b6530ef-d078-4ddf-8c70-28109eae10e2] INFO  o.eclipse.m2e.core.internal.Bundles - getClasspathEntries(Bundle=com.google.guava.failureaccess_1.0.3 [14])
2026-02-27 17:35:45,803 [Worker-13: Launching mavenrun-7b6530ef-d078-4ddf-8c70-28109eae10e2] INFO  o.eclipse.m2e.core.internal.Bundles - 	Entry: C:\Users\pankaj_sharma\.p2\pool\plugins\com.google.guava.failureaccess_1.0.3.jar
2026-02-27 17:35:45,825 [Worker-13: Launching mavenrun-7b6530ef-d078-4ddf-8c70-28109eae10e2] INFO  o.e.m.i.launch.MavenLaunchDelegate - Run build in "C:\Users\PANKAJ~1\AppData\Local\Temp\m2e-archetypeGenerator7605260999128995931":
2026-02-27 17:35:45,838 [Worker-13: Launching mavenrun-7b6530ef-d078-4ddf-8c70-28109eae10e2] INFO  o.e.m.i.launch.MavenLaunchDelegate -  mvn  -DarchetypeGroupId=org.apache.maven.archetypes -DarchetypeArtifactId=maven-archetype-quickstart -DarchetypeVersion=1.1 -DgroupId=test -DartifactId=test -Dversion=0.0.1-SNAPSHOT -Dpackage=test.test -DoutputDirectory=H:\Automation\CarrierGuard -Dstyle.color=always -U archetype:generate
2026-02-27 17:36:49,656 [Worker-10: Launching mavenrun-fc9b3b31-ae68-46f4-a263-052173dd3f55] INFO  o.eclipse.m2e.core.internal.Bundles - getClasspathEntries(Bundle=org.eclipse.m2e.maven.runtime_3.9.1101.20251020-1549 [308])
2026-02-27 17:36:49,683 [Worker-10: Launching mavenrun-fc9b3b31-ae68-46f4-a263-052173dd3f55] INFO  o.eclipse.m2e.core.internal.Bundles - 	Entry: C:\Users\pankaj_sharma\.p2\pool\plugins\org.eclipse.m2e.maven.runtime_3.9.1101.20251020-1549
2026-02-27 17:36:49,684 [Worker-10: Launching mavenrun-fc9b3b31-ae68-46f4-a263-052173dd3f55] INFO  o.eclipse.m2e.core.internal.Bundles - 	Entry: C:\Users\pankaj_sharma\.p2\pool\plugins\org.eclipse.m2e.maven.runtime_3.9.1101.20251020-1549\jars\aopalliance-1.0.jar
2026-02-27 17:36:49,688 [Worker-10: Launching mavenrun-fc9b3b31-ae68-46f4-a263-052173dd3f55] INFO  o.eclipse.m2e.core.internal.Bundles - 	Entry: C:\Users\pankaj_sharma\.p2\pool\plugins\org.eclipse.m2e.maven.runtime_3.9.1101.20251020-1549\jars\asm-9.8.jar
2026-02-27 17:36:49,704 [Worker-10: Launching mavenrun-fc9b3b31-ae68-46f4-a263-052173dd3f55] INFO  o.eclipse.m2e.core.internal.Bundles - 	Entry: C:\Users\pankaj_sharma\.p2\pool\plugins\org.eclipse.m2e.maven.runtime_3.9.1101.20251020-1549\jars\error_prone_annotations-2.38.0.jar
2026-02-27 17:36:49,706 [Worker-10: Launching mavenrun-fc9b3b31-ae68-46f4-a263-052173dd3f55] INFO  o.eclipse.m2e.core.internal.Bundles - 	Entry: C:\Users\pankaj_sharma\.p2\pool\plugins\org.eclipse.m2e.maven.runtime_3.9.1101.20251020-1549\jars\gson-2.13.1.jar
2026-02-27 17:36:49,718 [Worker-10: Launching mavenrun-fc9b3b31-ae68-46f4-a263-052173dd3f55] INFO  o.eclipse.m2e.core.internal.Bundles - 	Entry: C:\Users\pankaj_sharma\.p2\pool\plugins\org.eclipse.m2e.maven.runtime_3.9.1101.20251020-1549\jars\guice-5.1.0-classes.jar
2026-02-27 17:36:49,719 [Worker-10: Launching mavenrun-fc9b3b31-ae68-46f4-a263-052173dd3f55] INFO  o.eclipse.m2e.core.internal.Bundles - 	Entry: C:\Users\pankaj_sharma\.p2\pool\plugins\org.eclipse.m2e.maven.runtime_3.9.1101.20251020-1549\jars\httpclient-4.5.14.jar
2026-02-27 17:36:49,722 [Worker-10: Launching mavenrun-fc9b3b31-ae68-46f4-a263-052173dd3f55] INFO  o.eclipse.m2e.core.internal.Bundles - 	Entry: C:\Users\pankaj_sharma\.p2\pool\plugins\org.eclipse.m2e.maven.runtime_3.9.1101.20251020-1549\jars\httpcore-4.4.16.jar
2026-02-27 17:36:49,733 [Worker-10: Launching mavenrun-fc9b3b31-ae68-46f4-a263-052173dd3f55] INFO  o.eclipse.m2e.core.internal.Bundles - 	Entry: C:\Users\pankaj_sharma\.p2\pool\plugins\org.eclipse.m2e.maven.runtime_3.9.1101.20251020-1549\jars\jansi-2.4.2.jar
2026-02-27 17:36:49,733 [Worker-10: Launching mavenrun-fc9b3b31-ae68-46f4-a263-052173dd3f55] INFO  o.eclipse.m2e.core.internal.Bundles - 	Entry: C:\Users\pankaj_sharma\.p2\pool\plugins\org.eclipse.m2e.maven.runtime_3.9.1101.20251020-1549\jars\jcl-over-slf4j-1.7.36.jar
2026-02-27 17:36:49,734 [Worker-10: Launching mavenrun-fc9b3b31-ae68-46f4-a263-052173dd3f55] INFO  o.eclipse.m2e.core.internal.Bundles - 	Entry: C:\Users\pankaj_sharma\.p2\pool\plugins\org.eclipse.m2e.maven.runtime_3.9.1101.20251020-1549\jars\maven-artifact-3.9.11.jar
2026-02-27 17:36:49,738 [Worker-10: Launching mavenrun-fc9b3b31-ae68-46f4-a263-052173dd3f55] INFO  o.eclipse.m2e.core.internal.Bundles - 	Entry: C:\Users\pankaj_sharma\.p2\pool\plugins\org.eclipse.m2e.maven.runtime_3.9.1101.20251020-1549\jars\maven-builder-support-3.9.11.jar
2026-02-27 17:36:49,745 [Worker-10: Launching mavenrun-fc9b3b31-ae68-46f4-a263-052173dd3f55] INFO  o.eclipse.m2e.core.internal.Bundles - 	Entry: C:\Users\pankaj_sharma\.p2\pool\plugins\org.eclipse.m2e.maven.runtime_3.9.1101.20251020-1549\jars\maven-compat-3.9.11.jar
2026-02-27 17:36:49,747 [Worker-10: Launching mavenrun-fc9b3b31-ae68-46f4-a263-052173dd3f55] INFO  o.eclipse.m2e.core.internal.Bundles - 	Entry: C:\Users\pankaj_sharma\.p2\pool\plugins\org.eclipse.m2e.maven.runtime_3.9.1101.20251020-1549\jars\maven-core-3.9.11.jar
2026-02-27 17:36:49,749 [Worker-10: Launching mavenrun-fc9b3b31-ae68-46f4-a263-052173dd3f55] INFO  o.eclipse.m2e.core.internal.Bundles - 	Entry: C:\Users\pankaj_sharma\.p2\pool\plugins\org.eclipse.m2e.maven.runtime_3.9.1101.20251020-1549\jars\maven-embedder-3.9.11.jar
2026-02-27 17:36:49,761 [Worker-10: Launching mavenrun-fc9b3b31-ae68-46f4-a263-052173dd3f55] INFO  o.eclipse.m2e.core.internal.Bundles - 	Entry: C:\Users\pankaj_sharma\.p2\pool\plugins\org.eclipse.m2e.maven.runtime_3.9.1101.20251020-1549\jars\maven-model-3.9.11.jar
2026-02-27 17:36:49,764 [Worker-10: Launching mavenrun-fc9b3b31-ae68-46f4-a263-052173dd3f55] INFO  o.eclipse.m2e.core.internal.Bundles - 	Entry: C:\Users\pankaj_sharma\.p2\pool\plugins\org.eclipse.m2e.maven.runtime_3.9.1101.20251020-1549\jars\maven-model-builder-3.9.11.jar
2026-02-27 17:36:49,773 [Worker-10: Launching mavenrun-fc9b3b31-ae68-46f4-a263-052173dd3f55] INFO  o.eclipse.m2e.core.internal.Bundles - 	Entry: C:\Users\pankaj_sharma\.p2\pool\plugins\org.eclipse.m2e.maven.runtime_3.9.1101.20251020-1549\jars\maven-plugin-api-3.9.11.jar
2026-02-27 17:36:49,774 [Worker-10: Launching mavenrun-fc9b3b31-ae68-46f4-a263-052173dd3f55] INFO  o.eclipse.m2e.core.internal.Bundles - 	Entry: C:\Users\pankaj_sharma\.p2\pool\plugins\org.eclipse.m2e.maven.runtime_3.9.1101.20251020-1549\jars\maven-repository-metadata-3.9.11.jar
2026-02-27 17:36:49,779 [Worker-10: Launching mavenrun-fc9b3b31-ae68-46f4-a263-052173dd3f55] INFO  o.eclipse.m2e.core.internal.Bundles - 	Entry: C:\Users\pankaj_sharma\.p2\pool\plugins\org.eclipse.m2e.maven.runtime_3.9.1101.20251020-1549\jars\maven-resolver-api-1.9.24.jar
2026-02-27 17:36:49,783 [Worker-10: Launching mavenrun-fc9b3b31-ae68-46f4-a263-052173dd3f55] INFO  o.eclipse.m2e.core.internal.Bundles - 	Entry: C:\Users\pankaj_sharma\.p2\pool\plugins\org.eclipse.m2e.maven.runtime_3.9.1101.20251020-1549\jars\maven-resolver-connector-basic-1.9.24.jar
2026-02-27 17:36:49,784 [Worker-10: Launching mavenrun-fc9b3b31-ae68-46f4-a263-052173dd3f55] INFO  o.eclipse.m2e.core.internal.Bundles - 	Entry: C:\Users\pankaj_sharma\.p2\pool\plugins\org.eclipse.m2e.maven.runtime_3.9.1101.20251020-1549\jars\maven-resolver-impl-1.9.24.jar
2026-02-27 17:36:49,784 [Worker-10: Launching mavenrun-fc9b3b31-ae68-46f4-a263-052173dd3f55] INFO  o.eclipse.m2e.core.internal.Bundles - 	Entry: C:\Users\pankaj_sharma\.p2\pool\plugins\org.eclipse.m2e.maven.runtime_3.9.1101.20251020-1549\jars\maven-resolver-named-locks-1.9.24.jar
2026-02-27 17:36:49,785 [Worker-10: Launching mavenrun-fc9b3b31-ae68-46f4-a263-052173dd3f55] INFO  o.eclipse.m2e.core.internal.Bundles - 	Entry: C:\Users\pankaj_sharma\.p2\pool\plugins\org.eclipse.m2e.maven.runtime_3.9.1101.20251020-1549\jars\maven-resolver-provider-3.9.11.jar
2026-02-27 17:36:49,786 [Worker-10: Launching mavenrun-fc9b3b31-ae68-46f4-a263-052173dd3f55] INFO  o.eclipse.m2e.core.internal.Bundles - 	Entry: C:\Users\pankaj_sharma\.p2\pool\plugins\org.eclipse.m2e.maven.runtime_3.9.1101.20251020-1549\jars\maven-resolver-spi-1.9.24.jar
2026-02-27 17:36:49,789 [Worker-10: Launching mavenrun-fc9b3b31-ae68-46f4-a263-052173dd3f55] INFO  o.eclipse.m2e.core.internal.Bundles - 	Entry: C:\Users\pankaj_sharma\.p2\pool\plugins\org.eclipse.m2e.maven.runtime_3.9.1101.20251020-1549\jars\maven-resolver-transport-file-1.9.24.jar
2026-02-27 17:36:49,794 [Worker-10: Launching mavenrun-fc9b3b31-ae68-46f4-a263-052173dd3f55] INFO  o.eclipse.m2e.core.internal.Bundles - 	Entry: C:\Users\pankaj_sharma\.p2\pool\plugins\org.eclipse.m2e.maven.runtime_3.9.1101.20251020-1549\jars\maven-resolver-transport-http-1.9.24.jar
2026-02-27 17:36:49,795 [Worker-10: Launching mavenrun-fc9b3b31-ae68-46f4-a263-052173dd3f55] INFO  o.eclipse.m2e.core.internal.Bundles - 	Entry: C:\Users\pankaj_sharma\.p2\pool\plugins\org.eclipse.m2e.maven.runtime_3.9.1101.20251020-1549\jars\maven-resolver-transport-wagon-1.9.24.jar
2026-02-27 17:36:49,805 [Worker-10: Launching mavenrun-fc9b3b31-ae68-46f4-a263-052173dd3f55] INFO  o.eclipse.m2e.core.internal.Bundles - 	Entry: C:\Users\pankaj_sharma\.p2\pool\plugins\org.eclipse.m2e.maven.runtime_3.9.1101.20251020-1549\jars\maven-resolver-util-1.9.24.jar
2026-02-27 17:36:49,805 [Worker-10: Launching mavenrun-fc9b3b31-ae68-46f4-a263-052173dd3f55] INFO  o.eclipse.m2e.core.internal.Bundles - 	Entry: C:\Users\pankaj_sharma\.p2\pool\plugins\org.eclipse.m2e.maven.runtime_3.9.1101.20251020-1549\jars\maven-settings-3.9.11.jar
2026-02-27 17:36:49,806 [Worker-10: Launching mavenrun-fc9b3b31-ae68-46f4-a263-052173dd3f55] INFO  o.eclipse.m2e.core.internal.Bundles - 	Entry: C:\Users\pankaj_sharma\.p2\pool\plugins\org.eclipse.m2e.maven.runtime_3.9.1101.20251020-1549\jars\maven-settings-builder-3.9.11.jar
2026-02-27 17:36:49,807 [Worker-10: Launching mavenrun-fc9b3b31-ae68-46f4-a263-052173dd3f55] INFO  o.eclipse.m2e.core.internal.Bundles - 	Entry: C:\Users\pankaj_sharma\.p2\pool\plugins\org.eclipse.m2e.maven.runtime_3.9.1101.20251020-1549\jars\maven-shared-utils-3.4.2.jar
2026-02-27 17:36:49,810 [Worker-10: Launching mavenrun-fc9b3b31-ae68-46f4-a263-052173dd3f55] INFO  o.eclipse.m2e.core.internal.Bundles - 	Entry: C:\Users\pankaj_sharma\.p2\pool\plugins\org.eclipse.m2e.maven.runtime_3.9.1101.20251020-1549\jars\org.eclipse.sisu.inject-0.9.0.M4.jar
2026-02-27 17:36:49,811 [Worker-10: Launching mavenrun-fc9b3b31-ae68-46f4-a263-052173dd3f55] INFO  o.eclipse.m2e.core.internal.Bundles - 	Entry: C:\Users\pankaj_sharma\.p2\pool\plugins\org.eclipse.m2e.maven.runtime_3.9.1101.20251020-1549\jars\org.eclipse.sisu.plexus-0.9.0.M4.jar
2026-02-27 17:36:49,811 [Worker-10: Launching mavenrun-fc9b3b31-ae68-46f4-a263-052173dd3f55] INFO  o.eclipse.m2e.core.internal.Bundles - 	Entry: C:\Users\pankaj_sharma\.p2\pool\plugins\org.eclipse.m2e.maven.runtime_3.9.1101.20251020-1549\jars\plexus-build-api-0.0.7.jar
2026-02-27 17:36:49,812 [Worker-10: Launching mavenrun-fc9b3b31-ae68-46f4-a263-052173dd3f55] INFO  o.eclipse.m2e.core.internal.Bundles - 	Entry: C:\Users\pankaj_sharma\.p2\pool\plugins\org.eclipse.m2e.maven.runtime_3.9.1101.20251020-1549\jars\plexus-build-api-1.2.0.jar
2026-02-27 17:36:49,812 [Worker-10: Launching mavenrun-fc9b3b31-ae68-46f4-a263-052173dd3f55] INFO  o.eclipse.m2e.core.internal.Bundles - 	Entry: C:\Users\pankaj_sharma\.p2\pool\plugins\org.eclipse.m2e.maven.runtime_3.9.1101.20251020-1549\jars\plexus-cipher-2.0.jar
2026-02-27 17:36:49,813 [Worker-10: Launching mavenrun-fc9b3b31-ae68-46f4-a263-052173dd3f55] INFO  o.eclipse.m2e.core.internal.Bundles - 	Entry: C:\Users\pankaj_sharma\.p2\pool\plugins\org.eclipse.m2e.maven.runtime_3.9.1101.20251020-1549\jars\plexus-classworlds-2.9.0.jar
2026-02-27 17:36:49,814 [Worker-10: Launching mavenrun-fc9b3b31-ae68-46f4-a263-052173dd3f55] INFO  o.eclipse.m2e.core.internal.Bundles - 	Entry: C:\Users\pankaj_sharma\.p2\pool\plugins\org.eclipse.m2e.maven.runtime_3.9.1101.20251020-1549\jars\plexus-component-annotations-2.2.0.jar
2026-02-27 17:36:49,814 [Worker-10: Launching mavenrun-fc9b3b31-ae68-46f4-a263-052173dd3f55] INFO  o.eclipse.m2e.core.internal.Bundles - 	Entry: C:\Users\pankaj_sharma\.p2\pool\plugins\org.eclipse.m2e.maven.runtime_3.9.1101.20251020-1549\jars\plexus-interpolation-1.28.jar
2026-02-27 17:36:49,815 [Worker-10: Launching mavenrun-fc9b3b31-ae68-46f4-a263-052173dd3f55] INFO  o.eclipse.m2e.core.internal.Bundles - 	Entry: C:\Users\pankaj_sharma\.p2\pool\plugins\org.eclipse.m2e.maven.runtime_3.9.1101.20251020-1549\jars\plexus-sec-dispatcher-2.0.jar
2026-02-27 17:36:49,815 [Worker-10: Launching mavenrun-fc9b3b31-ae68-46f4-a263-052173dd3f55] INFO  o.eclipse.m2e.core.internal.Bundles - 	Entry: C:\Users\pankaj_sharma\.p2\pool\plugins\org.eclipse.m2e.maven.runtime_3.9.1101.20251020-1549\jars\plexus-utils-3.6.0.jar
2026-02-27 17:36:49,816 [Worker-10: Launching mavenrun-fc9b3b31-ae68-46f4-a263-052173dd3f55] INFO  o.eclipse.m2e.core.internal.Bundles - 	Entry: C:\Users\pankaj_sharma\.p2\pool\plugins\org.eclipse.m2e.maven.runtime_3.9.1101.20251020-1549\jars\wagon-file-3.5.3.jar
2026-02-27 17:36:49,817 [Worker-10: Launching mavenrun-fc9b3b31-ae68-46f4-a263-052173dd3f55] INFO  o.eclipse.m2e.core.internal.Bundles - 	Entry: C:\Users\pankaj_sharma\.p2\pool\plugins\org.eclipse.m2e.maven.runtime_3.9.1101.20251020-1549\jars\wagon-http-3.5.3.jar
2026-02-27 17:36:49,817 [Worker-10: Launching mavenrun-fc9b3b31-ae68-46f4-a263-052173dd3f55] INFO  o.eclipse.m2e.core.internal.Bundles - 	Entry: C:\Users\pankaj_sharma\.p2\pool\plugins\org.eclipse.m2e.maven.runtime_3.9.1101.20251020-1549\jars\wagon-http-shared-3.5.3.jar
2026-02-27 17:36:49,818 [Worker-10: Launching mavenrun-fc9b3b31-ae68-46f4-a263-052173dd3f55] INFO  o.eclipse.m2e.core.internal.Bundles - 	Entry: C:\Users\pankaj_sharma\.p2\pool\plugins\org.eclipse.m2e.maven.runtime_3.9.1101.20251020-1549\jars\wagon-provider-api-3.5.3.jar
2026-02-27 17:36:49,818 [Worker-10: Launching mavenrun-fc9b3b31-ae68-46f4-a263-052173dd3f55] INFO  o.eclipse.m2e.core.internal.Bundles - getClasspathEntries(Bundle=com.google.guava_33.5.0.jre [13])
2026-02-27 17:36:49,819 [Worker-10: Launching mavenrun-fc9b3b31-ae68-46f4-a263-052173dd3f55] INFO  o.eclipse.m2e.core.internal.Bundles - 	Entry: C:\Users\pankaj_sharma\.p2\pool\plugins\com.google.guava_33.5.0.jre.jar
2026-02-27 17:36:49,820 [Worker-10: Launching mavenrun-fc9b3b31-ae68-46f4-a263-052173dd3f55] INFO  o.eclipse.m2e.core.internal.Bundles - getClasspathEntries(Bundle=slf4j.api_2.0.17 [532])
2026-02-27 17:36:49,821 [Worker-10: Launching mavenrun-fc9b3b31-ae68-46f4-a263-052173dd3f55] INFO  o.eclipse.m2e.core.internal.Bundles - 	Entry: C:\Users\pankaj_sharma\.p2\pool\plugins\slf4j.api_2.0.17.jar
2026-02-27 17:36:49,822 [Worker-10: Launching mavenrun-fc9b3b31-ae68-46f4-a263-052173dd3f55] INFO  o.eclipse.m2e.core.internal.Bundles - getClasspathEntries(Bundle=jakarta.inject.jakarta.inject-api_1.0.5 [24])
2026-02-27 17:36:49,823 [Worker-10: Launching mavenrun-fc9b3b31-ae68-46f4-a263-052173dd3f55] INFO  o.eclipse.m2e.core.internal.Bundles - 	Entry: C:\Users\pankaj_sharma\.p2\pool\plugins\jakarta.inject.jakarta.inject-api_1.0.5.jar
2026-02-27 17:36:49,823 [Worker-10: Launching mavenrun-fc9b3b31-ae68-46f4-a263-052173dd3f55] INFO  o.eclipse.m2e.core.internal.Bundles - getClasspathEntries(Bundle=jakarta.annotation-api_1.3.5 [22])
2026-02-27 17:36:49,824 [Worker-10: Launching mavenrun-fc9b3b31-ae68-46f4-a263-052173dd3f55] INFO  o.eclipse.m2e.core.internal.Bundles - 	Entry: C:\Users\pankaj_sharma\.p2\pool\plugins\jakarta.annotation-api_1.3.5.jar
2026-02-27 17:36:49,825 [Worker-10: Launching mavenrun-fc9b3b31-ae68-46f4-a263-052173dd3f55] INFO  o.eclipse.m2e.core.internal.Bundles - getClasspathEntries(Bundle=org.apache.commons.cli_1.11.0 [55])
2026-02-27 17:36:49,826 [Worker-10: Launching mavenrun-fc9b3b31-ae68-46f4-a263-052173dd3f55] INFO  o.eclipse.m2e.core.internal.Bundles - 	Entry: C:\Users\pankaj_sharma\.p2\pool\plugins\org.apache.commons.cli_1.11.0.jar
2026-02-27 17:36:49,826 [Worker-10: Launching mavenrun-fc9b3b31-ae68-46f4-a263-052173dd3f55] INFO  o.eclipse.m2e.core.internal.Bundles - getClasspathEntries(Bundle=org.apache.commons.commons-codec_1.20.0 [56])
2026-02-27 17:36:49,827 [Worker-10: Launching mavenrun-fc9b3b31-ae68-46f4-a263-052173dd3f55] INFO  o.eclipse.m2e.core.internal.Bundles - 	Entry: C:\Users\pankaj_sharma\.p2\pool\plugins\org.apache.commons.commons-codec_1.20.0.jar
2026-02-27 17:36:49,827 [Worker-10: Launching mavenrun-fc9b3b31-ae68-46f4-a263-052173dd3f55] INFO  o.eclipse.m2e.core.internal.Bundles - getClasspathEntries(Bundle=com.google.guava.failureaccess_1.0.3 [14])
2026-02-27 17:36:49,828 [Worker-10: Launching mavenrun-fc9b3b31-ae68-46f4-a263-052173dd3f55] INFO  o.eclipse.m2e.core.internal.Bundles - 	Entry: C:\Users\pankaj_sharma\.p2\pool\plugins\com.google.guava.failureaccess_1.0.3.jar
2026-02-27 17:36:49,836 [Worker-10: Launching mavenrun-fc9b3b31-ae68-46f4-a263-052173dd3f55] INFO  o.e.m.i.launch.MavenLaunchDelegate - Run build in "C:\Users\PANKAJ~1\AppData\Local\Temp\m2e-archetypeGenerator12582823894980253643":
2026-02-27 17:36:49,837 [Worker-10: Launching mavenrun-fc9b3b31-ae68-46f4-a263-052173dd3f55] INFO  o.e.m.i.launch.MavenLaunchDelegate -  mvn  -DarchetypeGroupId=org.apache.maven.archetypes -DarchetypeArtifactId=maven-archetype-quickstart -DarchetypeVersion=1.1 -DgroupId=test -DartifactId=yyyy -Dversion=0.0.1-SNAPSHOT -Dpackage=test.yyyy -DoutputDirectory=H:\Automation\CarrierGuard -Dstyle.color=always -U archetype:generate
